-------------------------------------------------------------------------------
Test set: com.allstate.configclient.CloudconfigclientApplicationTests
-------------------------------------------------------------------------------
Tests run: 1, Failures: 0, Errors: 1, Skipped: 0, Time elapsed: 0.141 s <<< FAILURE! - in com.allstate.configclient.CloudconfigclientApplicationTests
com.allstate.configclient.CloudconfigclientApplicationTests  Time elapsed: 0.141 s  <<< ERROR!
java.lang.IllegalStateException: Unable to find a @SpringBootConfiguration, you need to use @ContextConfiguration or @SpringBootTest(classes=...) with your test

